{"/Users/angelopaolo23/Desarrollador/DESAFIO LATAM/PROYECTO FINAL/artMarket_proyecto/Backend-Market/server.js": {"path":"/Users/angelopaolo23/Desarrollador/DESAFIO LATAM/PROYECTO FINAL/artMarket_proyecto/Backend-Market/server.js","statementMap":{"0":{"start":{"line":1,"column":0},"end":{"line":1,"column":27}},"1":{"start":{"line":2,"column":16},"end":{"line":2,"column":34}},"2":{"start":{"line":3,"column":13},"end":{"line":3,"column":28}},"3":{"start":{"line":5,"column":19},"end":{"line":5,"column":53}},"4":{"start":{"line":6,"column":19},"end":{"line":6,"column":53}},"5":{"start":{"line":7,"column":23},"end":{"line":7,"column":61}},"6":{"start":{"line":8,"column":30},"end":{"line":8,"column":75}},"7":{"start":{"line":9,"column":19},"end":{"line":9,"column":53}},"8":{"start":{"line":10,"column":24},"end":{"line":10,"column":63}},"9":{"start":{"line":11,"column":25},"end":{"line":11,"column":71}},"10":{"start":{"line":13,"column":12},"end":{"line":13,"column":21}},"11":{"start":{"line":15,"column":0},"end":{"line":15,"column":16}},"12":{"start":{"line":16,"column":0},"end":{"line":16,"column":24}},"13":{"start":{"line":17,"column":13},"end":{"line":17,"column":37}},"14":{"start":{"line":20,"column":0},"end":{"line":22,"column":3}},"15":{"start":{"line":21,"column":4},"end":{"line":21,"column":56}},"16":{"start":{"line":25,"column":0},"end":{"line":27,"column":3}},"17":{"start":{"line":26,"column":4},"end":{"line":26,"column":26}},"18":{"start":{"line":29,"column":0},"end":{"line":29,"column":29}},"19":{"start":{"line":30,"column":0},"end":{"line":30,"column":30}},"20":{"start":{"line":31,"column":0},"end":{"line":31,"column":37}},"21":{"start":{"line":32,"column":0},"end":{"line":32,"column":42}},"22":{"start":{"line":33,"column":0},"end":{"line":33,"column":29}},"23":{"start":{"line":34,"column":0},"end":{"line":34,"column":39}},"24":{"start":{"line":37,"column":0},"end":{"line":37,"column":21}}},"fnMap":{"0":{"name":"(anonymous_0)","decl":{"start":{"line":20,"column":17},"end":{"line":20,"column":18}},"loc":{"start":{"line":20,"column":23},"end":{"line":22,"column":1}},"line":20},"1":{"name":"(anonymous_1)","decl":{"start":{"line":25,"column":13},"end":{"line":25,"column":14}},"loc":{"start":{"line":25,"column":27},"end":{"line":27,"column":1}},"line":25}},"branchMap":{"0":{"loc":{"start":{"line":17,"column":13},"end":{"line":17,"column":37}},"type":"binary-expr","locations":[{"start":{"line":17,"column":13},"end":{"line":17,"column":29}},{"start":{"line":17,"column":33},"end":{"line":17,"column":37}}],"line":17}},"s":{"0":1,"1":1,"2":1,"3":1,"4":1,"5":1,"6":1,"7":1,"8":1,"9":1,"10":1,"11":1,"12":1,"13":1,"14":1,"15":1,"16":1,"17":0,"18":1,"19":1,"20":1,"21":1,"22":1,"23":1,"24":1},"f":{"0":1,"1":0},"b":{"0":[1,0]},"_coverageSchema":"1a1c01bbd47fc00a2c39e90264f33305004495a9","hash":"82710c2bc438925db44f2ab80b62df03bf6cf39b"}
,"/Users/angelopaolo23/Desarrollador/DESAFIO LATAM/PROYECTO FINAL/artMarket_proyecto/Backend-Market/src/config/pool.js": {"path":"/Users/angelopaolo23/Desarrollador/DESAFIO LATAM/PROYECTO FINAL/artMarket_proyecto/Backend-Market/src/config/pool.js","statementMap":{"0":{"start":{"line":1,"column":17},"end":{"line":1,"column":30}},"1":{"start":{"line":5,"column":13},"end":{"line":11,"column":2}},"2":{"start":{"line":17,"column":0},"end":{"line":17,"column":22}}},"fnMap":{},"branchMap":{},"s":{"0":1,"1":1,"2":1},"f":{},"b":{},"_coverageSchema":"1a1c01bbd47fc00a2c39e90264f33305004495a9","hash":"b3bc7e94284c7bc21d714f8d3ff4772341739b31"}
,"/Users/angelopaolo23/Desarrollador/DESAFIO LATAM/PROYECTO FINAL/artMarket_proyecto/Backend-Market/src/controllers/artistsVerifiedController.js": {"path":"/Users/angelopaolo23/Desarrollador/DESAFIO LATAM/PROYECTO FINAL/artMarket_proyecto/Backend-Market/src/controllers/artistsVerifiedController.js","statementMap":{"0":{"start":{"line":1,"column":36},"end":{"line":1,"column":73}},"1":{"start":{"line":4,"column":12},"end":{"line":11,"column":1}},"2":{"start":{"line":5,"column":4},"end":{"line":10,"column":5}},"3":{"start":{"line":6,"column":24},"end":{"line":6,"column":42}},"4":{"start":{"line":7,"column":8},"end":{"line":7,"column":26}},"5":{"start":{"line":9,"column":8},"end":{"line":9,"column":55}},"6":{"start":{"line":13,"column":12},"end":{"line":20,"column":1}},"7":{"start":{"line":14,"column":4},"end":{"line":19,"column":5}},"8":{"start":{"line":15,"column":23},"end":{"line":15,"column":57}},"9":{"start":{"line":16,"column":8},"end":{"line":16,"column":25}},"10":{"start":{"line":18,"column":8},"end":{"line":18,"column":55}},"11":{"start":{"line":22,"column":0},"end":{"line":22,"column":28}}},"fnMap":{"0":{"name":"(anonymous_0)","decl":{"start":{"line":4,"column":12},"end":{"line":4,"column":13}},"loc":{"start":{"line":4,"column":32},"end":{"line":11,"column":1}},"line":4},"1":{"name":"(anonymous_1)","decl":{"start":{"line":13,"column":12},"end":{"line":13,"column":13}},"loc":{"start":{"line":13,"column":32},"end":{"line":20,"column":1}},"line":13}},"branchMap":{},"s":{"0":1,"1":1,"2":0,"3":0,"4":0,"5":0,"6":1,"7":0,"8":0,"9":0,"10":0,"11":1},"f":{"0":0,"1":0},"b":{},"_coverageSchema":"1a1c01bbd47fc00a2c39e90264f33305004495a9","hash":"4b3f693b5251b4dd33299efec8d8bd21b0225201"}
,"/Users/angelopaolo23/Desarrollador/DESAFIO LATAM/PROYECTO FINAL/artMarket_proyecto/Backend-Market/src/controllers/artworksController.js": {"path":"/Users/angelopaolo23/Desarrollador/DESAFIO LATAM/PROYECTO FINAL/artMarket_proyecto/Backend-Market/src/controllers/artworksController.js","statementMap":{"0":{"start":{"line":1,"column":83},"end":{"line":1,"column":112}},"1":{"start":{"line":4,"column":12},"end":{"line":11,"column":1}},"2":{"start":{"line":5,"column":4},"end":{"line":10,"column":5}},"3":{"start":{"line":6,"column":25},"end":{"line":6,"column":44}},"4":{"start":{"line":7,"column":8},"end":{"line":7,"column":27}},"5":{"start":{"line":9,"column":8},"end":{"line":9,"column":55}},"6":{"start":{"line":13,"column":12},"end":{"line":20,"column":1}},"7":{"start":{"line":14,"column":4},"end":{"line":19,"column":5}},"8":{"start":{"line":15,"column":24},"end":{"line":15,"column":59}},"9":{"start":{"line":16,"column":8},"end":{"line":16,"column":26}},"10":{"start":{"line":18,"column":8},"end":{"line":18,"column":55}},"11":{"start":{"line":32,"column":15},"end":{"line":39,"column":1}},"12":{"start":{"line":33,"column":4},"end":{"line":38,"column":5}},"13":{"start":{"line":34,"column":24},"end":{"line":34,"column":53}},"14":{"start":{"line":35,"column":8},"end":{"line":35,"column":26}},"15":{"start":{"line":37,"column":8},"end":{"line":37,"column":53}},"16":{"start":{"line":41,"column":15},"end":{"line":48,"column":1}},"17":{"start":{"line":42,"column":4},"end":{"line":47,"column":5}},"18":{"start":{"line":43,"column":24},"end":{"line":43,"column":68}},"19":{"start":{"line":44,"column":8},"end":{"line":44,"column":26}},"20":{"start":{"line":46,"column":8},"end":{"line":46,"column":55}},"21":{"start":{"line":50,"column":16},"end":{"line":57,"column":1}},"22":{"start":{"line":51,"column":4},"end":{"line":56,"column":5}},"23":{"start":{"line":52,"column":24},"end":{"line":52,"column":58}},"24":{"start":{"line":53,"column":8},"end":{"line":53,"column":26}},"25":{"start":{"line":55,"column":8},"end":{"line":55,"column":55}},"26":{"start":{"line":59,"column":0},"end":{"line":59,"column":53}}},"fnMap":{"0":{"name":"(anonymous_0)","decl":{"start":{"line":4,"column":12},"end":{"line":4,"column":13}},"loc":{"start":{"line":4,"column":32},"end":{"line":11,"column":1}},"line":4},"1":{"name":"(anonymous_1)","decl":{"start":{"line":13,"column":12},"end":{"line":13,"column":13}},"loc":{"start":{"line":13,"column":32},"end":{"line":20,"column":1}},"line":13},"2":{"name":"(anonymous_2)","decl":{"start":{"line":32,"column":15},"end":{"line":32,"column":16}},"loc":{"start":{"line":32,"column":35},"end":{"line":39,"column":1}},"line":32},"3":{"name":"(anonymous_3)","decl":{"start":{"line":41,"column":15},"end":{"line":41,"column":16}},"loc":{"start":{"line":41,"column":35},"end":{"line":48,"column":1}},"line":41},"4":{"name":"(anonymous_4)","decl":{"start":{"line":50,"column":16},"end":{"line":50,"column":17}},"loc":{"start":{"line":50,"column":36},"end":{"line":57,"column":1}},"line":50}},"branchMap":{},"s":{"0":1,"1":1,"2":0,"3":0,"4":0,"5":0,"6":1,"7":0,"8":0,"9":0,"10":0,"11":1,"12":0,"13":0,"14":0,"15":0,"16":1,"17":0,"18":0,"19":0,"20":0,"21":1,"22":0,"23":0,"24":0,"25":0,"26":1},"f":{"0":0,"1":0,"2":0,"3":0,"4":0},"b":{},"_coverageSchema":"1a1c01bbd47fc00a2c39e90264f33305004495a9","hash":"382e1d6a27b656dc819deb362b716269b99dd031"}
,"/Users/angelopaolo23/Desarrollador/DESAFIO LATAM/PROYECTO FINAL/artMarket_proyecto/Backend-Market/src/controllers/authController.js": {"path":"/Users/angelopaolo23/Desarrollador/DESAFIO LATAM/PROYECTO FINAL/artMarket_proyecto/Backend-Market/src/controllers/authController.js","statementMap":{"0":{"start":{"line":1,"column":15},"end":{"line":1,"column":32}},"1":{"start":{"line":2,"column":12},"end":{"line":2,"column":35}},"2":{"start":{"line":3,"column":37},"end":{"line":3,"column":63}},"3":{"start":{"line":5,"column":17},"end":{"line":20,"column":1}},"4":{"start":{"line":6,"column":4},"end":{"line":19,"column":5}},"5":{"start":{"line":7,"column":33},"end":{"line":7,"column":50}},"6":{"start":{"line":8,"column":31},"end":{"line":8,"column":70}},"7":{"start":{"line":9,"column":8},"end":{"line":9,"column":43}},"8":{"start":{"line":11,"column":21},"end":{"line":11,"column":47}},"9":{"start":{"line":12,"column":8},"end":{"line":14,"column":9}},"10":{"start":{"line":13,"column":8},"end":{"line":13,"column":55}},"11":{"start":{"line":16,"column":8},"end":{"line":16,"column":35}},"12":{"start":{"line":18,"column":8},"end":{"line":18,"column":55}},"13":{"start":{"line":22,"column":14},"end":{"line":48,"column":1}},"14":{"start":{"line":23,"column":4},"end":{"line":47,"column":5}},"15":{"start":{"line":24,"column":36},"end":{"line":24,"column":44}},"16":{"start":{"line":25,"column":21},"end":{"line":25,"column":48}},"17":{"start":{"line":27,"column":8},"end":{"line":29,"column":9}},"18":{"start":{"line":28,"column":12},"end":{"line":28,"column":53}},"19":{"start":{"line":30,"column":31},"end":{"line":30,"column":44}},"20":{"start":{"line":31,"column":22},"end":{"line":31,"column":68}},"21":{"start":{"line":33,"column":8},"end":{"line":44,"column":9}},"22":{"start":{"line":34,"column":22},"end":{"line":37,"column":9}},"23":{"start":{"line":39,"column":8},"end":{"line":41,"column":25}},"24":{"start":{"line":43,"column":12},"end":{"line":43,"column":64}},"25":{"start":{"line":46,"column":4},"end":{"line":46,"column":51}},"26":{"start":{"line":51,"column":0},"end":{"line":51,"column":35}}},"fnMap":{"0":{"name":"(anonymous_0)","decl":{"start":{"line":5,"column":17},"end":{"line":5,"column":18}},"loc":{"start":{"line":5,"column":37},"end":{"line":20,"column":1}},"line":5},"1":{"name":"(anonymous_1)","decl":{"start":{"line":22,"column":14},"end":{"line":22,"column":15}},"loc":{"start":{"line":22,"column":34},"end":{"line":48,"column":1}},"line":22}},"branchMap":{"0":{"loc":{"start":{"line":12,"column":8},"end":{"line":14,"column":9}},"type":"if","locations":[{"start":{"line":12,"column":8},"end":{"line":14,"column":9}},{"start":{},"end":{}}],"line":12},"1":{"loc":{"start":{"line":27,"column":8},"end":{"line":29,"column":9}},"type":"if","locations":[{"start":{"line":27,"column":8},"end":{"line":29,"column":9}},{"start":{},"end":{}}],"line":27},"2":{"loc":{"start":{"line":33,"column":8},"end":{"line":44,"column":9}},"type":"if","locations":[{"start":{"line":33,"column":8},"end":{"line":44,"column":9}},{"start":{"line":42,"column":15},"end":{"line":44,"column":9}}],"line":33}},"s":{"0":1,"1":1,"2":1,"3":1,"4":7,"5":7,"6":7,"7":6,"8":6,"9":6,"10":0,"11":6,"12":1,"13":1,"14":3,"15":3,"16":3,"17":3,"18":1,"19":2,"20":2,"21":2,"22":1,"23":1,"24":1,"25":2,"26":1},"f":{"0":7,"1":3},"b":{"0":[0,6],"1":[1,2],"2":[1,1]},"_coverageSchema":"1a1c01bbd47fc00a2c39e90264f33305004495a9","hash":"10e7e460745e5f30b1cd60c6c9b558d9dcab731f"}
,"/Users/angelopaolo23/Desarrollador/DESAFIO LATAM/PROYECTO FINAL/artMarket_proyecto/Backend-Market/src/controllers/cartController.js": {"path":"/Users/angelopaolo23/Desarrollador/DESAFIO LATAM/PROYECTO FINAL/artMarket_proyecto/Backend-Market/src/controllers/cartController.js","statementMap":{"0":{"start":{"line":1,"column":111},"end":{"line":1,"column":144}},"1":{"start":{"line":4,"column":15},"end":{"line":11,"column":1}},"2":{"start":{"line":5,"column":4},"end":{"line":10,"column":5}},"3":{"start":{"line":6,"column":25},"end":{"line":6,"column":41}},"4":{"start":{"line":7,"column":8},"end":{"line":7,"column":27}},"5":{"start":{"line":9,"column":8},"end":{"line":9,"column":55}},"6":{"start":{"line":13,"column":16},"end":{"line":20,"column":1}},"7":{"start":{"line":14,"column":4},"end":{"line":19,"column":5}},"8":{"start":{"line":15,"column":25},"end":{"line":15,"column":57}},"9":{"start":{"line":16,"column":8},"end":{"line":16,"column":39}},"10":{"start":{"line":18,"column":8},"end":{"line":18,"column":55}},"11":{"start":{"line":22,"column":12},"end":{"line":35,"column":1}},"12":{"start":{"line":23,"column":4},"end":{"line":34,"column":5}},"13":{"start":{"line":24,"column":24},"end":{"line":24,"column":54}},"14":{"start":{"line":25,"column":8},"end":{"line":31,"column":9}},"15":{"start":{"line":26,"column":31},"end":{"line":26,"column":57}},"16":{"start":{"line":27,"column":12},"end":{"line":27,"column":45}},"17":{"start":{"line":29,"column":34},"end":{"line":29,"column":56}},"18":{"start":{"line":30,"column":12},"end":{"line":30,"column":48}},"19":{"start":{"line":33,"column":8},"end":{"line":33,"column":55}},"20":{"start":{"line":37,"column":17},"end":{"line":48,"column":1}},"21":{"start":{"line":38,"column":4},"end":{"line":47,"column":5}},"22":{"start":{"line":39,"column":24},"end":{"line":39,"column":54}},"23":{"start":{"line":40,"column":8},"end":{"line":44,"column":9}},"24":{"start":{"line":41,"column":39},"end":{"line":41,"column":66}},"25":{"start":{"line":42,"column":12},"end":{"line":42,"column":45}},"26":{"start":{"line":43,"column":12},"end":{"line":43,"column":53}},"27":{"start":{"line":46,"column":8},"end":{"line":46,"column":55}},"28":{"start":{"line":51,"column":0},"end":{"line":51,"column":50}}},"fnMap":{"0":{"name":"(anonymous_0)","decl":{"start":{"line":4,"column":15},"end":{"line":4,"column":16}},"loc":{"start":{"line":4,"column":35},"end":{"line":11,"column":1}},"line":4},"1":{"name":"(anonymous_1)","decl":{"start":{"line":13,"column":16},"end":{"line":13,"column":17}},"loc":{"start":{"line":13,"column":36},"end":{"line":20,"column":1}},"line":13},"2":{"name":"(anonymous_2)","decl":{"start":{"line":22,"column":12},"end":{"line":22,"column":13}},"loc":{"start":{"line":22,"column":32},"end":{"line":35,"column":1}},"line":22},"3":{"name":"(anonymous_3)","decl":{"start":{"line":37,"column":17},"end":{"line":37,"column":18}},"loc":{"start":{"line":37,"column":37},"end":{"line":48,"column":1}},"line":37}},"branchMap":{"0":{"loc":{"start":{"line":25,"column":8},"end":{"line":31,"column":9}},"type":"if","locations":[{"start":{"line":25,"column":8},"end":{"line":31,"column":9}},{"start":{"line":28,"column":15},"end":{"line":31,"column":9}}],"line":25},"1":{"loc":{"start":{"line":40,"column":8},"end":{"line":44,"column":9}},"type":"if","locations":[{"start":{"line":40,"column":8},"end":{"line":44,"column":9}},{"start":{},"end":{}}],"line":40}},"s":{"0":1,"1":1,"2":0,"3":0,"4":0,"5":0,"6":1,"7":1,"8":1,"9":1,"10":0,"11":1,"12":1,"13":1,"14":1,"15":0,"16":0,"17":1,"18":1,"19":0,"20":1,"21":1,"22":1,"23":1,"24":1,"25":1,"26":1,"27":0,"28":1},"f":{"0":0,"1":1,"2":1,"3":1},"b":{"0":[0,1],"1":[1,0]},"_coverageSchema":"1a1c01bbd47fc00a2c39e90264f33305004495a9","hash":"ddf4e9a5afedf501f077c05ae01cbdf1559a12b7"}
,"/Users/angelopaolo23/Desarrollador/DESAFIO LATAM/PROYECTO FINAL/artMarket_proyecto/Backend-Market/src/controllers/favoritesController.js": {"path":"/Users/angelopaolo23/Desarrollador/DESAFIO LATAM/PROYECTO FINAL/artMarket_proyecto/Backend-Market/src/controllers/favoritesController.js","statementMap":{"0":{"start":{"line":1,"column":57},"end":{"line":1,"column":87}},"1":{"start":{"line":3,"column":12},"end":{"line":10,"column":1}},"2":{"start":{"line":4,"column":4},"end":{"line":9,"column":5}},"3":{"start":{"line":5,"column":26},"end":{"line":5,"column":46}},"4":{"start":{"line":6,"column":8},"end":{"line":6,"column":28}},"5":{"start":{"line":8,"column":8},"end":{"line":8,"column":55}},"6":{"start":{"line":12,"column":15},"end":{"line":19,"column":1}},"7":{"start":{"line":13,"column":4},"end":{"line":18,"column":5}},"8":{"start":{"line":14,"column":25},"end":{"line":14,"column":70}},"9":{"start":{"line":15,"column":8},"end":{"line":15,"column":27}},"10":{"start":{"line":17,"column":8},"end":{"line":17,"column":53}},"11":{"start":{"line":21,"column":16},"end":{"line":28,"column":1}},"12":{"start":{"line":22,"column":4},"end":{"line":27,"column":5}},"13":{"start":{"line":23,"column":25},"end":{"line":23,"column":70}},"14":{"start":{"line":24,"column":8},"end":{"line":24,"column":27}},"15":{"start":{"line":26,"column":8},"end":{"line":26,"column":55}},"16":{"start":{"line":30,"column":0},"end":{"line":30,"column":40}}},"fnMap":{"0":{"name":"(anonymous_0)","decl":{"start":{"line":3,"column":12},"end":{"line":3,"column":13}},"loc":{"start":{"line":3,"column":32},"end":{"line":10,"column":1}},"line":3},"1":{"name":"(anonymous_1)","decl":{"start":{"line":12,"column":15},"end":{"line":12,"column":16}},"loc":{"start":{"line":12,"column":35},"end":{"line":19,"column":1}},"line":12},"2":{"name":"(anonymous_2)","decl":{"start":{"line":21,"column":16},"end":{"line":21,"column":17}},"loc":{"start":{"line":21,"column":36},"end":{"line":28,"column":1}},"line":21}},"branchMap":{},"s":{"0":1,"1":1,"2":0,"3":0,"4":0,"5":0,"6":1,"7":0,"8":0,"9":0,"10":0,"11":1,"12":0,"13":0,"14":0,"15":0,"16":1},"f":{"0":0,"1":0,"2":0},"b":{},"_coverageSchema":"1a1c01bbd47fc00a2c39e90264f33305004495a9","hash":"9175744adc675beb64407ce5630d1c243606a624"}
,"/Users/angelopaolo23/Desarrollador/DESAFIO LATAM/PROYECTO FINAL/artMarket_proyecto/Backend-Market/src/controllers/userController.js": {"path":"/Users/angelopaolo23/Desarrollador/DESAFIO LATAM/PROYECTO FINAL/artMarket_proyecto/Backend-Market/src/controllers/userController.js","statementMap":{"0":{"start":{"line":1,"column":74},"end":{"line":1,"column":100}},"1":{"start":{"line":3,"column":12},"end":{"line":10,"column":1}},"2":{"start":{"line":4,"column":4},"end":{"line":9,"column":5}},"3":{"start":{"line":5,"column":24},"end":{"line":5,"column":40}},"4":{"start":{"line":6,"column":8},"end":{"line":6,"column":38}},"5":{"start":{"line":8,"column":8},"end":{"line":8,"column":55}},"6":{"start":{"line":13,"column":19},"end":{"line":20,"column":1}},"7":{"start":{"line":14,"column":4},"end":{"line":19,"column":5}},"8":{"start":{"line":15,"column":31},"end":{"line":15,"column":62}},"9":{"start":{"line":16,"column":8},"end":{"line":16,"column":45}},"10":{"start":{"line":18,"column":8},"end":{"line":18,"column":55}},"11":{"start":{"line":23,"column":16},"end":{"line":30,"column":1}},"12":{"start":{"line":24,"column":4},"end":{"line":29,"column":5}},"13":{"start":{"line":25,"column":21},"end":{"line":25,"column":53}},"14":{"start":{"line":26,"column":8},"end":{"line":26,"column":35}},"15":{"start":{"line":28,"column":8},"end":{"line":28,"column":55}},"16":{"start":{"line":33,"column":15},"end":{"line":40,"column":1}},"17":{"start":{"line":34,"column":4},"end":{"line":39,"column":5}},"18":{"start":{"line":35,"column":21},"end":{"line":35,"column":91}},"19":{"start":{"line":36,"column":8},"end":{"line":36,"column":35}},"20":{"start":{"line":38,"column":8},"end":{"line":38,"column":55}},"21":{"start":{"line":42,"column":16},"end":{"line":49,"column":1}},"22":{"start":{"line":43,"column":4},"end":{"line":48,"column":5}},"23":{"start":{"line":44,"column":21},"end":{"line":44,"column":52}},"24":{"start":{"line":45,"column":8},"end":{"line":45,"column":35}},"25":{"start":{"line":47,"column":8},"end":{"line":47,"column":55}},"26":{"start":{"line":51,"column":0},"end":{"line":51,"column":61}}},"fnMap":{"0":{"name":"(anonymous_0)","decl":{"start":{"line":3,"column":12},"end":{"line":3,"column":13}},"loc":{"start":{"line":3,"column":32},"end":{"line":10,"column":1}},"line":3},"1":{"name":"(anonymous_1)","decl":{"start":{"line":13,"column":19},"end":{"line":13,"column":20}},"loc":{"start":{"line":13,"column":39},"end":{"line":20,"column":1}},"line":13},"2":{"name":"(anonymous_2)","decl":{"start":{"line":23,"column":16},"end":{"line":23,"column":17}},"loc":{"start":{"line":23,"column":36},"end":{"line":30,"column":1}},"line":23},"3":{"name":"(anonymous_3)","decl":{"start":{"line":33,"column":15},"end":{"line":33,"column":16}},"loc":{"start":{"line":33,"column":35},"end":{"line":40,"column":1}},"line":33},"4":{"name":"(anonymous_4)","decl":{"start":{"line":42,"column":16},"end":{"line":42,"column":17}},"loc":{"start":{"line":42,"column":36},"end":{"line":49,"column":1}},"line":42}},"branchMap":{},"s":{"0":1,"1":1,"2":0,"3":0,"4":0,"5":0,"6":1,"7":0,"8":0,"9":0,"10":0,"11":1,"12":2,"13":2,"14":2,"15":0,"16":1,"17":0,"18":0,"19":0,"20":0,"21":1,"22":0,"23":0,"24":0,"25":0,"26":1},"f":{"0":0,"1":0,"2":2,"3":0,"4":0},"b":{},"_coverageSchema":"1a1c01bbd47fc00a2c39e90264f33305004495a9","hash":"607196728612c0b961772334daba8eb367fc430b"}
,"/Users/angelopaolo23/Desarrollador/DESAFIO LATAM/PROYECTO FINAL/artMarket_proyecto/Backend-Market/src/middlewares/isAuth.middleware.js": {"path":"/Users/angelopaolo23/Desarrollador/DESAFIO LATAM/PROYECTO FINAL/artMarket_proyecto/Backend-Market/src/middlewares/isAuth.middleware.js","statementMap":{"0":{"start":{"line":1,"column":12},"end":{"line":1,"column":35}},"1":{"start":{"line":3,"column":15},"end":{"line":22,"column":1}},"2":{"start":{"line":4,"column":4},"end":{"line":21,"column":5}},"3":{"start":{"line":5,"column":8},"end":{"line":6,"column":75}},"4":{"start":{"line":6,"column":12},"end":{"line":6,"column":75}},"5":{"start":{"line":8,"column":22},"end":{"line":8,"column":61}},"6":{"start":{"line":9,"column":24},"end":{"line":9,"column":65}},"7":{"start":{"line":11,"column":8},"end":{"line":13,"column":9}},"8":{"start":{"line":12,"column":12},"end":{"line":12,"column":75}},"9":{"start":{"line":15,"column":8},"end":{"line":15,"column":45}},"10":{"start":{"line":16,"column":8},"end":{"line":16,"column":43}},"11":{"start":{"line":18,"column":8},"end":{"line":18,"column":15}},"12":{"start":{"line":20,"column":8},"end":{"line":20,"column":53}},"13":{"start":{"line":24,"column":0},"end":{"line":24,"column":26}}},"fnMap":{"0":{"name":"(anonymous_0)","decl":{"start":{"line":3,"column":15},"end":{"line":3,"column":16}},"loc":{"start":{"line":3,"column":35},"end":{"line":22,"column":1}},"line":3}},"branchMap":{"0":{"loc":{"start":{"line":5,"column":8},"end":{"line":6,"column":75}},"type":"if","locations":[{"start":{"line":5,"column":8},"end":{"line":6,"column":75}},{"start":{},"end":{}}],"line":5},"1":{"loc":{"start":{"line":11,"column":8},"end":{"line":13,"column":9}},"type":"if","locations":[{"start":{"line":11,"column":8},"end":{"line":13,"column":9}},{"start":{},"end":{}}],"line":11}},"s":{"0":1,"1":1,"2":0,"3":0,"4":0,"5":0,"6":0,"7":0,"8":0,"9":0,"10":0,"11":0,"12":0,"13":1},"f":{"0":0},"b":{"0":[0,0],"1":[0,0]},"_coverageSchema":"1a1c01bbd47fc00a2c39e90264f33305004495a9","hash":"5ce15644fa2ab8a670cc862726c30830a354c95a"}
,"/Users/angelopaolo23/Desarrollador/DESAFIO LATAM/PROYECTO FINAL/artMarket_proyecto/Backend-Market/src/middlewares/logger.middleware.js": {"path":"/Users/angelopaolo23/Desarrollador/DESAFIO LATAM/PROYECTO FINAL/artMarket_proyecto/Backend-Market/src/middlewares/logger.middleware.js","statementMap":{"0":{"start":{"line":1,"column":25},"end":{"line":10,"column":1}},"1":{"start":{"line":2,"column":25},"end":{"line":2,"column":33}},"2":{"start":{"line":3,"column":4},"end":{"line":7,"column":6}},"3":{"start":{"line":4,"column":8},"end":{"line":4,"column":66}},"4":{"start":{"line":5,"column":8},"end":{"line":5,"column":39}},"5":{"start":{"line":6,"column":8},"end":{"line":6,"column":38}},"6":{"start":{"line":9,"column":4},"end":{"line":9,"column":11}},"7":{"start":{"line":12,"column":0},"end":{"line":12,"column":34}}},"fnMap":{"0":{"name":"(anonymous_0)","decl":{"start":{"line":1,"column":25},"end":{"line":1,"column":26}},"loc":{"start":{"line":1,"column":45},"end":{"line":10,"column":1}},"line":1},"1":{"name":"(anonymous_1)","decl":{"start":{"line":3,"column":15},"end":{"line":3,"column":16}},"loc":{"start":{"line":3,"column":30},"end":{"line":7,"column":5}},"line":3}},"branchMap":{},"s":{"0":1,"1":0,"2":0,"3":0,"4":0,"5":0,"6":0,"7":1},"f":{"0":0,"1":0},"b":{},"_coverageSchema":"1a1c01bbd47fc00a2c39e90264f33305004495a9","hash":"3dcb79c9f4195516a9515ef7dd488cc5366c7eb7"}
,"/Users/angelopaolo23/Desarrollador/DESAFIO LATAM/PROYECTO FINAL/artMarket_proyecto/Backend-Market/src/models/artworks.js": {"path":"/Users/angelopaolo23/Desarrollador/DESAFIO LATAM/PROYECTO FINAL/artMarket_proyecto/Backend-Market/src/models/artworks.js","statementMap":{"0":{"start":{"line":1,"column":13},"end":{"line":1,"column":38}},"1":{"start":{"line":3,"column":20},"end":{"line":11,"column":1}},"2":{"start":{"line":4,"column":16},"end":{"line":4,"column":40}},"3":{"start":{"line":5,"column":4},"end":{"line":10,"column":5}},"4":{"start":{"line":6,"column":25},"end":{"line":6,"column":48}},"5":{"start":{"line":7,"column":8},"end":{"line":7,"column":20}},"6":{"start":{"line":9,"column":4},"end":{"line":9,"column":27}},"7":{"start":{"line":13,"column":23},"end":{"line":21,"column":1}},"8":{"start":{"line":14,"column":18},"end":{"line":14,"column":64}},"9":{"start":{"line":15,"column":4},"end":{"line":20,"column":5}},"10":{"start":{"line":16,"column":25},"end":{"line":16,"column":54}},"11":{"start":{"line":17,"column":8},"end":{"line":17,"column":32}},"12":{"start":{"line":19,"column":8},"end":{"line":19,"column":31}},"13":{"start":{"line":23,"column":22},"end":{"line":38,"column":1}},"14":{"start":{"line":25,"column":6},"end":{"line":25,"column":118}},"15":{"start":{"line":26,"column":4},"end":{"line":37,"column":5}},"16":{"start":{"line":27,"column":25},"end":{"line":33,"column":10}},"17":{"start":{"line":34,"column":8},"end":{"line":34,"column":29}},"18":{"start":{"line":36,"column":8},"end":{"line":36,"column":31}},"19":{"start":{"line":40,"column":22},"end":{"line":54,"column":1}},"20":{"start":{"line":42,"column":6},"end":{"line":42,"column":118}},"21":{"start":{"line":43,"column":4},"end":{"line":53,"column":5}},"22":{"start":{"line":44,"column":25},"end":{"line":49,"column":16}},"23":{"start":{"line":50,"column":8},"end":{"line":50,"column":32}},"24":{"start":{"line":52,"column":8},"end":{"line":52,"column":31}},"25":{"start":{"line":56,"column":22},"end":{"line":64,"column":1}},"26":{"start":{"line":57,"column":18},"end":{"line":57,"column":62}},"27":{"start":{"line":58,"column":4},"end":{"line":63,"column":5}},"28":{"start":{"line":59,"column":25},"end":{"line":59,"column":54}},"29":{"start":{"line":60,"column":8},"end":{"line":60,"column":32}},"30":{"start":{"line":62,"column":8},"end":{"line":62,"column":31}},"31":{"start":{"line":67,"column":0},"end":{"line":73,"column":2}}},"fnMap":{"0":{"name":"(anonymous_0)","decl":{"start":{"line":3,"column":20},"end":{"line":3,"column":21}},"loc":{"start":{"line":3,"column":32},"end":{"line":11,"column":1}},"line":3},"1":{"name":"(anonymous_1)","decl":{"start":{"line":13,"column":23},"end":{"line":13,"column":24}},"loc":{"start":{"line":13,"column":37},"end":{"line":21,"column":1}},"line":13},"2":{"name":"(anonymous_2)","decl":{"start":{"line":23,"column":22},"end":{"line":23,"column":23}},"loc":{"start":{"line":23,"column":41},"end":{"line":38,"column":1}},"line":23},"3":{"name":"(anonymous_3)","decl":{"start":{"line":40,"column":22},"end":{"line":40,"column":23}},"loc":{"start":{"line":40,"column":45},"end":{"line":54,"column":1}},"line":40},"4":{"name":"(anonymous_4)","decl":{"start":{"line":56,"column":22},"end":{"line":56,"column":23}},"loc":{"start":{"line":56,"column":36},"end":{"line":64,"column":1}},"line":56}},"branchMap":{},"s":{"0":1,"1":1,"2":0,"3":0,"4":0,"5":0,"6":0,"7":1,"8":0,"9":0,"10":0,"11":0,"12":0,"13":1,"14":0,"15":0,"16":0,"17":0,"18":0,"19":1,"20":0,"21":0,"22":0,"23":0,"24":0,"25":1,"26":0,"27":0,"28":0,"29":0,"30":0,"31":1},"f":{"0":0,"1":0,"2":0,"3":0,"4":0},"b":{},"_coverageSchema":"1a1c01bbd47fc00a2c39e90264f33305004495a9","hash":"2e06e87df5e87641e7be8ca6841cae66b6d4cf54"}
,"/Users/angelopaolo23/Desarrollador/DESAFIO LATAM/PROYECTO FINAL/artMarket_proyecto/Backend-Market/src/models/favorites.js": {"path":"/Users/angelopaolo23/Desarrollador/DESAFIO LATAM/PROYECTO FINAL/artMarket_proyecto/Backend-Market/src/models/favorites.js","statementMap":{"0":{"start":{"line":1,"column":13},"end":{"line":1,"column":38}},"1":{"start":{"line":3,"column":21},"end":{"line":11,"column":1}},"2":{"start":{"line":4,"column":18},"end":{"line":4,"column":43}},"3":{"start":{"line":5,"column":4},"end":{"line":10,"column":5}},"4":{"start":{"line":6,"column":25},"end":{"line":6,"column":48}},"5":{"start":{"line":7,"column":8},"end":{"line":7,"column":20}},"6":{"start":{"line":9,"column":8},"end":{"line":9,"column":31}},"7":{"start":{"line":13,"column":23},"end":{"line":24,"column":1}},"8":{"start":{"line":14,"column":18},"end":{"line":14,"column":91}},"9":{"start":{"line":15,"column":4},"end":{"line":23,"column":5}},"10":{"start":{"line":16,"column":25},"end":{"line":19,"column":10}},"11":{"start":{"line":20,"column":8},"end":{"line":20,"column":29}},"12":{"start":{"line":22,"column":8},"end":{"line":22,"column":31}},"13":{"start":{"line":36,"column":23},"end":{"line":44,"column":1}},"14":{"start":{"line":37,"column":18},"end":{"line":37,"column":80}},"15":{"start":{"line":38,"column":4},"end":{"line":43,"column":5}},"16":{"start":{"line":39,"column":25},"end":{"line":39,"column":72}},"17":{"start":{"line":40,"column":8},"end":{"line":40,"column":29}},"18":{"start":{"line":42,"column":8},"end":{"line":42,"column":31}},"19":{"start":{"line":46,"column":0},"end":{"line":50,"column":2}}},"fnMap":{"0":{"name":"(anonymous_0)","decl":{"start":{"line":3,"column":21},"end":{"line":3,"column":22}},"loc":{"start":{"line":3,"column":33},"end":{"line":11,"column":1}},"line":3},"1":{"name":"(anonymous_1)","decl":{"start":{"line":13,"column":23},"end":{"line":13,"column":24}},"loc":{"start":{"line":13,"column":47},"end":{"line":24,"column":1}},"line":13},"2":{"name":"(anonymous_2)","decl":{"start":{"line":36,"column":23},"end":{"line":36,"column":24}},"loc":{"start":{"line":36,"column":47},"end":{"line":44,"column":1}},"line":36}},"branchMap":{},"s":{"0":1,"1":1,"2":0,"3":0,"4":0,"5":0,"6":0,"7":1,"8":0,"9":0,"10":0,"11":0,"12":0,"13":1,"14":0,"15":0,"16":0,"17":0,"18":0,"19":1},"f":{"0":0,"1":0,"2":0},"b":{},"_coverageSchema":"1a1c01bbd47fc00a2c39e90264f33305004495a9","hash":"7745b524f7f2dfd68bcbfc25a2d8ce7a0beb389b"}
,"/Users/angelopaolo23/Desarrollador/DESAFIO LATAM/PROYECTO FINAL/artMarket_proyecto/Backend-Market/src/models/shoppingCart.js": {"path":"/Users/angelopaolo23/Desarrollador/DESAFIO LATAM/PROYECTO FINAL/artMarket_proyecto/Backend-Market/src/models/shoppingCart.js","statementMap":{"0":{"start":{"line":1,"column":13},"end":{"line":1,"column":38}},"1":{"start":{"line":3,"column":23},"end":{"line":11,"column":1}},"2":{"start":{"line":4,"column":18},"end":{"line":4,"column":85}},"3":{"start":{"line":5,"column":4},"end":{"line":10,"column":5}},"4":{"start":{"line":6,"column":25},"end":{"line":6,"column":87}},"5":{"start":{"line":7,"column":8},"end":{"line":7,"column":32}},"6":{"start":{"line":9,"column":8},"end":{"line":9,"column":31}},"7":{"start":{"line":14,"column":20},"end":{"line":22,"column":1}},"8":{"start":{"line":15,"column":18},"end":{"line":15,"column":301}},"9":{"start":{"line":16,"column":4},"end":{"line":21,"column":5}},"10":{"start":{"line":17,"column":25},"end":{"line":17,"column":54}},"11":{"start":{"line":18,"column":8},"end":{"line":18,"column":29}},"12":{"start":{"line":20,"column":8},"end":{"line":20,"column":31}},"13":{"start":{"line":24,"column":19},"end":{"line":33,"column":1}},"14":{"start":{"line":26,"column":6},"end":{"line":26,"column":119}},"15":{"start":{"line":27,"column":4},"end":{"line":32,"column":5}},"16":{"start":{"line":28,"column":25},"end":{"line":28,"column":120}},"17":{"start":{"line":29,"column":8},"end":{"line":29,"column":29}},"18":{"start":{"line":31,"column":8},"end":{"line":31,"column":31}},"19":{"start":{"line":36,"column":15},"end":{"line":44,"column":1}},"20":{"start":{"line":37,"column":18},"end":{"line":37,"column":131}},"21":{"start":{"line":38,"column":4},"end":{"line":43,"column":5}},"22":{"start":{"line":39,"column":25},"end":{"line":39,"column":105}},"23":{"start":{"line":40,"column":8},"end":{"line":40,"column":29}},"24":{"start":{"line":42,"column":8},"end":{"line":42,"column":31}},"25":{"start":{"line":46,"column":21},"end":{"line":54,"column":1}},"26":{"start":{"line":47,"column":18},"end":{"line":47,"column":119}},"27":{"start":{"line":48,"column":4},"end":{"line":53,"column":5}},"28":{"start":{"line":49,"column":25},"end":{"line":49,"column":102}},"29":{"start":{"line":50,"column":8},"end":{"line":50,"column":29}},"30":{"start":{"line":52,"column":8},"end":{"line":52,"column":31}},"31":{"start":{"line":56,"column":20},"end":{"line":64,"column":1}},"32":{"start":{"line":57,"column":18},"end":{"line":57,"column":118}},"33":{"start":{"line":58,"column":4},"end":{"line":63,"column":5}},"34":{"start":{"line":59,"column":25},"end":{"line":59,"column":87}},"35":{"start":{"line":60,"column":8},"end":{"line":60,"column":29}},"36":{"start":{"line":62,"column":8},"end":{"line":62,"column":31}},"37":{"start":{"line":66,"column":17},"end":{"line":74,"column":1}},"38":{"start":{"line":67,"column":18},"end":{"line":67,"column":46}},"39":{"start":{"line":68,"column":4},"end":{"line":73,"column":5}},"40":{"start":{"line":69,"column":25},"end":{"line":69,"column":48}},"41":{"start":{"line":70,"column":8},"end":{"line":70,"column":29}},"42":{"start":{"line":72,"column":8},"end":{"line":72,"column":31}},"43":{"start":{"line":76,"column":23},"end":{"line":84,"column":1}},"44":{"start":{"line":77,"column":18},"end":{"line":77,"column":81}},"45":{"start":{"line":78,"column":4},"end":{"line":83,"column":5}},"46":{"start":{"line":79,"column":25},"end":{"line":79,"column":59}},"47":{"start":{"line":80,"column":8},"end":{"line":80,"column":29}},"48":{"start":{"line":82,"column":8},"end":{"line":82,"column":31}},"49":{"start":{"line":86,"column":0},"end":{"line":95,"column":2}}},"fnMap":{"0":{"name":"(anonymous_0)","decl":{"start":{"line":3,"column":23},"end":{"line":3,"column":24}},"loc":{"start":{"line":3,"column":42},"end":{"line":11,"column":1}},"line":3},"1":{"name":"(anonymous_1)","decl":{"start":{"line":14,"column":20},"end":{"line":14,"column":21}},"loc":{"start":{"line":14,"column":34},"end":{"line":22,"column":1}},"line":14},"2":{"name":"(anonymous_2)","decl":{"start":{"line":24,"column":19},"end":{"line":24,"column":20}},"loc":{"start":{"line":24,"column":38},"end":{"line":33,"column":1}},"line":24},"3":{"name":"(anonymous_3)","decl":{"start":{"line":36,"column":15},"end":{"line":36,"column":16}},"loc":{"start":{"line":36,"column":34},"end":{"line":44,"column":1}},"line":36},"4":{"name":"(anonymous_4)","decl":{"start":{"line":46,"column":21},"end":{"line":46,"column":22}},"loc":{"start":{"line":46,"column":55},"end":{"line":54,"column":1}},"line":46},"5":{"name":"(anonymous_5)","decl":{"start":{"line":56,"column":20},"end":{"line":56,"column":21}},"loc":{"start":{"line":56,"column":39},"end":{"line":64,"column":1}},"line":56},"6":{"name":"(anonymous_6)","decl":{"start":{"line":66,"column":17},"end":{"line":66,"column":18}},"loc":{"start":{"line":66,"column":29},"end":{"line":74,"column":1}},"line":66},"7":{"name":"(anonymous_7)","decl":{"start":{"line":76,"column":23},"end":{"line":76,"column":24}},"loc":{"start":{"line":76,"column":42},"end":{"line":84,"column":1}},"line":76}},"branchMap":{},"s":{"0":1,"1":1,"2":2,"3":2,"4":2,"5":2,"6":0,"7":1,"8":1,"9":1,"10":1,"11":1,"12":0,"13":1,"14":0,"15":0,"16":0,"17":0,"18":0,"19":1,"20":1,"21":1,"22":1,"23":1,"24":0,"25":1,"26":0,"27":0,"28":0,"29":0,"30":0,"31":1,"32":1,"33":1,"34":1,"35":1,"36":0,"37":1,"38":0,"39":0,"40":0,"41":0,"42":0,"43":1,"44":1,"45":1,"46":1,"47":0,"48":0,"49":1},"f":{"0":2,"1":1,"2":0,"3":1,"4":0,"5":1,"6":0,"7":1},"b":{},"_coverageSchema":"1a1c01bbd47fc00a2c39e90264f33305004495a9","hash":"95f586c167c542b19e4622014d95d48f022d7cfe"}
,"/Users/angelopaolo23/Desarrollador/DESAFIO LATAM/PROYECTO FINAL/artMarket_proyecto/Backend-Market/src/models/users.js": {"path":"/Users/angelopaolo23/Desarrollador/DESAFIO LATAM/PROYECTO FINAL/artMarket_proyecto/Backend-Market/src/models/users.js","statementMap":{"0":{"start":{"line":1,"column":13},"end":{"line":1,"column":38}},"1":{"start":{"line":3,"column":17},"end":{"line":11,"column":1}},"2":{"start":{"line":4,"column":18},"end":{"line":4,"column":39}},"3":{"start":{"line":5,"column":4},"end":{"line":10,"column":5}},"4":{"start":{"line":6,"column":25},"end":{"line":6,"column":48}},"5":{"start":{"line":7,"column":8},"end":{"line":7,"column":29}},"6":{"start":{"line":9,"column":8},"end":{"line":9,"column":31}},"7":{"start":{"line":13,"column":20},"end":{"line":21,"column":1}},"8":{"start":{"line":14,"column":18},"end":{"line":14,"column":58}},"9":{"start":{"line":15,"column":4},"end":{"line":20,"column":5}},"10":{"start":{"line":16,"column":25},"end":{"line":16,"column":54}},"11":{"start":{"line":17,"column":8},"end":{"line":17,"column":32}},"12":{"start":{"line":19,"column":8},"end":{"line":19,"column":31}},"13":{"start":{"line":23,"column":26},"end":{"line":31,"column":1}},"14":{"start":{"line":24,"column":18},"end":{"line":24,"column":59}},"15":{"start":{"line":25,"column":4},"end":{"line":30,"column":5}},"16":{"start":{"line":26,"column":25},"end":{"line":26,"column":60}},"17":{"start":{"line":27,"column":8},"end":{"line":27,"column":32}},"18":{"start":{"line":29,"column":8},"end":{"line":29,"column":31}},"19":{"start":{"line":33,"column":23},"end":{"line":41,"column":1}},"20":{"start":{"line":34,"column":18},"end":{"line":34,"column":56}},"21":{"start":{"line":35,"column":4},"end":{"line":40,"column":5}},"22":{"start":{"line":36,"column":25},"end":{"line":36,"column":57}},"23":{"start":{"line":37,"column":8},"end":{"line":37,"column":32}},"24":{"start":{"line":39,"column":8},"end":{"line":39,"column":31}},"25":{"start":{"line":44,"column":19},"end":{"line":53,"column":1}},"26":{"start":{"line":46,"column":6},"end":{"line":46,"column":85}},"27":{"start":{"line":47,"column":4},"end":{"line":52,"column":5}},"28":{"start":{"line":48,"column":25},"end":{"line":48,"column":92}},"29":{"start":{"line":49,"column":8},"end":{"line":49,"column":29}},"30":{"start":{"line":51,"column":8},"end":{"line":51,"column":31}},"31":{"start":{"line":56,"column":19},"end":{"line":65,"column":1}},"32":{"start":{"line":58,"column":6},"end":{"line":58,"column":95}},"33":{"start":{"line":59,"column":4},"end":{"line":64,"column":5}},"34":{"start":{"line":60,"column":25},"end":{"line":60,"column":81}},"35":{"start":{"line":61,"column":8},"end":{"line":61,"column":29}},"36":{"start":{"line":63,"column":8},"end":{"line":63,"column":31}},"37":{"start":{"line":67,"column":19},"end":{"line":75,"column":1}},"38":{"start":{"line":68,"column":18},"end":{"line":68,"column":56}},"39":{"start":{"line":69,"column":4},"end":{"line":74,"column":5}},"40":{"start":{"line":70,"column":25},"end":{"line":70,"column":54}},"41":{"start":{"line":71,"column":8},"end":{"line":71,"column":29}},"42":{"start":{"line":73,"column":8},"end":{"line":73,"column":31}},"43":{"start":{"line":79,"column":0},"end":{"line":87,"column":2}}},"fnMap":{"0":{"name":"(anonymous_0)","decl":{"start":{"line":3,"column":17},"end":{"line":3,"column":18}},"loc":{"start":{"line":3,"column":29},"end":{"line":11,"column":1}},"line":3},"1":{"name":"(anonymous_1)","decl":{"start":{"line":13,"column":20},"end":{"line":13,"column":21}},"loc":{"start":{"line":13,"column":34},"end":{"line":21,"column":1}},"line":13},"2":{"name":"(anonymous_2)","decl":{"start":{"line":23,"column":26},"end":{"line":23,"column":27}},"loc":{"start":{"line":23,"column":46},"end":{"line":31,"column":1}},"line":23},"3":{"name":"(anonymous_3)","decl":{"start":{"line":33,"column":23},"end":{"line":33,"column":24}},"loc":{"start":{"line":33,"column":40},"end":{"line":41,"column":1}},"line":33},"4":{"name":"(anonymous_4)","decl":{"start":{"line":44,"column":19},"end":{"line":44,"column":20}},"loc":{"start":{"line":44,"column":35},"end":{"line":53,"column":1}},"line":44},"5":{"name":"(anonymous_5)","decl":{"start":{"line":56,"column":19},"end":{"line":56,"column":20}},"loc":{"start":{"line":56,"column":60},"end":{"line":65,"column":1}},"line":56},"6":{"name":"(anonymous_6)","decl":{"start":{"line":67,"column":19},"end":{"line":67,"column":20}},"loc":{"start":{"line":67,"column":33},"end":{"line":75,"column":1}},"line":67}},"branchMap":{},"s":{"0":1,"1":1,"2":0,"3":0,"4":0,"5":0,"6":0,"7":1,"8":2,"9":2,"10":2,"11":2,"12":0,"13":1,"14":0,"15":0,"16":0,"17":0,"18":0,"19":1,"20":3,"21":3,"22":3,"23":3,"24":0,"25":1,"26":6,"27":6,"28":6,"29":6,"30":0,"31":1,"32":0,"33":0,"34":0,"35":0,"36":0,"37":1,"38":0,"39":0,"40":0,"41":0,"42":0,"43":1},"f":{"0":0,"1":2,"2":0,"3":3,"4":6,"5":0,"6":0},"b":{},"_coverageSchema":"1a1c01bbd47fc00a2c39e90264f33305004495a9","hash":"9205509f208e6cffffd8062685ba4fa52d58a608"}
,"/Users/angelopaolo23/Desarrollador/DESAFIO LATAM/PROYECTO FINAL/artMarket_proyecto/Backend-Market/src/models/verified_artists.js": {"path":"/Users/angelopaolo23/Desarrollador/DESAFIO LATAM/PROYECTO FINAL/artMarket_proyecto/Backend-Market/src/models/verified_artists.js","statementMap":{"0":{"start":{"line":1,"column":13},"end":{"line":1,"column":38}},"1":{"start":{"line":3,"column":19},"end":{"line":11,"column":1}},"2":{"start":{"line":4,"column":18},"end":{"line":4,"column":50}},"3":{"start":{"line":5,"column":4},"end":{"line":10,"column":5}},"4":{"start":{"line":6,"column":25},"end":{"line":6,"column":48}},"5":{"start":{"line":7,"column":8},"end":{"line":7,"column":29}},"6":{"start":{"line":9,"column":8},"end":{"line":9,"column":31}},"7":{"start":{"line":13,"column":22},"end":{"line":21,"column":1}},"8":{"start":{"line":14,"column":18},"end":{"line":14,"column":71}},"9":{"start":{"line":15,"column":4},"end":{"line":20,"column":5}},"10":{"start":{"line":16,"column":25},"end":{"line":16,"column":54}},"11":{"start":{"line":17,"column":8},"end":{"line":17,"column":32}},"12":{"start":{"line":19,"column":8},"end":{"line":19,"column":31}},"13":{"start":{"line":23,"column":0},"end":{"line":23,"column":45}}},"fnMap":{"0":{"name":"(anonymous_0)","decl":{"start":{"line":3,"column":19},"end":{"line":3,"column":20}},"loc":{"start":{"line":3,"column":31},"end":{"line":11,"column":1}},"line":3},"1":{"name":"(anonymous_1)","decl":{"start":{"line":13,"column":22},"end":{"line":13,"column":23}},"loc":{"start":{"line":13,"column":36},"end":{"line":21,"column":1}},"line":13}},"branchMap":{},"s":{"0":1,"1":1,"2":0,"3":0,"4":0,"5":0,"6":0,"7":1,"8":0,"9":0,"10":0,"11":0,"12":0,"13":1},"f":{"0":0,"1":0},"b":{},"_coverageSchema":"1a1c01bbd47fc00a2c39e90264f33305004495a9","hash":"044d2078f6d14dbd826b2066a226e83c6b0fb62a"}
,"/Users/angelopaolo23/Desarrollador/DESAFIO LATAM/PROYECTO FINAL/artMarket_proyecto/Backend-Market/src/routes/artworksRoutes.js": {"path":"/Users/angelopaolo23/Desarrollador/DESAFIO LATAM/PROYECTO FINAL/artMarket_proyecto/Backend-Market/src/routes/artworksRoutes.js","statementMap":{"0":{"start":{"line":1,"column":15},"end":{"line":1,"column":42}},"1":{"start":{"line":3,"column":19},"end":{"line":3,"column":62}},"2":{"start":{"line":5,"column":27},"end":{"line":5,"column":71}},"3":{"start":{"line":7,"column":0},"end":{"line":7,"column":39}},"4":{"start":{"line":10,"column":0},"end":{"line":10,"column":51}},"5":{"start":{"line":12,"column":0},"end":{"line":12,"column":43}},"6":{"start":{"line":13,"column":0},"end":{"line":13,"column":46}},"7":{"start":{"line":14,"column":0},"end":{"line":14,"column":50}},"8":{"start":{"line":18,"column":0},"end":{"line":18,"column":24}}},"fnMap":{},"branchMap":{},"s":{"0":1,"1":1,"2":1,"3":1,"4":1,"5":1,"6":1,"7":1,"8":1},"f":{},"b":{},"_coverageSchema":"1a1c01bbd47fc00a2c39e90264f33305004495a9","hash":"01d6931d49caf9a6641485a51adf98bdcccbe6c9"}
,"/Users/angelopaolo23/Desarrollador/DESAFIO LATAM/PROYECTO FINAL/artMarket_proyecto/Backend-Market/src/routes/authRoutes.js": {"path":"/Users/angelopaolo23/Desarrollador/DESAFIO LATAM/PROYECTO FINAL/artMarket_proyecto/Backend-Market/src/routes/authRoutes.js","statementMap":{"0":{"start":{"line":1,"column":15},"end":{"line":1,"column":42}},"1":{"start":{"line":2,"column":23},"end":{"line":2,"column":63}},"2":{"start":{"line":4,"column":0},"end":{"line":4,"column":50}},"3":{"start":{"line":5,"column":0},"end":{"line":5,"column":44}},"4":{"start":{"line":7,"column":0},"end":{"line":7,"column":24}}},"fnMap":{},"branchMap":{},"s":{"0":1,"1":1,"2":1,"3":1,"4":1},"f":{},"b":{},"_coverageSchema":"1a1c01bbd47fc00a2c39e90264f33305004495a9","hash":"bb99a1529128a8fbeb55bdfbd04273291c811fcd"}
,"/Users/angelopaolo23/Desarrollador/DESAFIO LATAM/PROYECTO FINAL/artMarket_proyecto/Backend-Market/src/routes/cartRoutes.js": {"path":"/Users/angelopaolo23/Desarrollador/DESAFIO LATAM/PROYECTO FINAL/artMarket_proyecto/Backend-Market/src/routes/cartRoutes.js","statementMap":{"0":{"start":{"line":1,"column":15},"end":{"line":1,"column":42}},"1":{"start":{"line":3,"column":23},"end":{"line":3,"column":63}},"2":{"start":{"line":6,"column":0},"end":{"line":6,"column":38}},"3":{"start":{"line":7,"column":0},"end":{"line":7,"column":43}},"4":{"start":{"line":8,"column":0},"end":{"line":8,"column":36}},"5":{"start":{"line":9,"column":0},"end":{"line":9,"column":49}},"6":{"start":{"line":11,"column":0},"end":{"line":11,"column":24}}},"fnMap":{},"branchMap":{},"s":{"0":1,"1":1,"2":1,"3":1,"4":1,"5":1,"6":1},"f":{},"b":{},"_coverageSchema":"1a1c01bbd47fc00a2c39e90264f33305004495a9","hash":"cb067a7c01e1f3194d61233e6eca5b5994d36e23"}
,"/Users/angelopaolo23/Desarrollador/DESAFIO LATAM/PROYECTO FINAL/artMarket_proyecto/Backend-Market/src/routes/favoritesRoutes.js": {"path":"/Users/angelopaolo23/Desarrollador/DESAFIO LATAM/PROYECTO FINAL/artMarket_proyecto/Backend-Market/src/routes/favoritesRoutes.js","statementMap":{"0":{"start":{"line":1,"column":15},"end":{"line":1,"column":42}},"1":{"start":{"line":3,"column":19},"end":{"line":3,"column":62}},"2":{"start":{"line":5,"column":28},"end":{"line":5,"column":73}},"3":{"start":{"line":7,"column":0},"end":{"line":7,"column":40}},"4":{"start":{"line":8,"column":0},"end":{"line":8,"column":56}},"5":{"start":{"line":9,"column":0},"end":{"line":9,"column":59}},"6":{"start":{"line":11,"column":0},"end":{"line":11,"column":24}}},"fnMap":{},"branchMap":{},"s":{"0":1,"1":1,"2":1,"3":1,"4":1,"5":1,"6":1},"f":{},"b":{},"_coverageSchema":"1a1c01bbd47fc00a2c39e90264f33305004495a9","hash":"55c85c4ddc01195ed264b7d51011c9b90bff37e9"}
,"/Users/angelopaolo23/Desarrollador/DESAFIO LATAM/PROYECTO FINAL/artMarket_proyecto/Backend-Market/src/routes/userRoutes.js": {"path":"/Users/angelopaolo23/Desarrollador/DESAFIO LATAM/PROYECTO FINAL/artMarket_proyecto/Backend-Market/src/routes/userRoutes.js","statementMap":{"0":{"start":{"line":1,"column":15},"end":{"line":1,"column":42}},"1":{"start":{"line":2,"column":23},"end":{"line":2,"column":63}},"2":{"start":{"line":5,"column":0},"end":{"line":5,"column":35}},"3":{"start":{"line":6,"column":0},"end":{"line":6,"column":43}},"4":{"start":{"line":7,"column":0},"end":{"line":7,"column":42}},"5":{"start":{"line":8,"column":0},"end":{"line":8,"column":46}},"6":{"start":{"line":10,"column":0},"end":{"line":10,"column":24}}},"fnMap":{},"branchMap":{},"s":{"0":1,"1":1,"2":1,"3":1,"4":1,"5":1,"6":1},"f":{},"b":{},"_coverageSchema":"1a1c01bbd47fc00a2c39e90264f33305004495a9","hash":"7f6c51e551e106f6aa5b6bcf01036f22edba12c7"}
,"/Users/angelopaolo23/Desarrollador/DESAFIO LATAM/PROYECTO FINAL/artMarket_proyecto/Backend-Market/src/routes/verifiedArtistsRoutes.js": {"path":"/Users/angelopaolo23/Desarrollador/DESAFIO LATAM/PROYECTO FINAL/artMarket_proyecto/Backend-Market/src/routes/verifiedArtistsRoutes.js","statementMap":{"0":{"start":{"line":1,"column":15},"end":{"line":1,"column":42}},"1":{"start":{"line":2,"column":33},"end":{"line":2,"column":84}},"2":{"start":{"line":4,"column":0},"end":{"line":4,"column":45}},"3":{"start":{"line":5,"column":0},"end":{"line":5,"column":49}},"4":{"start":{"line":7,"column":0},"end":{"line":7,"column":24}}},"fnMap":{},"branchMap":{},"s":{"0":1,"1":1,"2":1,"3":1,"4":1},"f":{},"b":{},"_coverageSchema":"1a1c01bbd47fc00a2c39e90264f33305004495a9","hash":"d8066bf9e655b7e52bacb2445484a2fa653ed735"}
}
